Removed Pin From Net: NetName=VCC-3V3 Pin=D4_Pressure_Sensor1-1
Removed Pin From Net: NetName=PS1 Pin=D4_Pressure_Sensor1-2
Removed Pin From Net: NetName=VCC-3V3 Pin=D4_Pressure_Sensor2-1
Removed Pin From Net: NetName=PS2 Pin=D4_Pressure_Sensor2-2
Removed Pin From Net: NetName=VCC-3V3 Pin=D4_Pressure_Sensor3-1
Removed Pin From Net: NetName=PS3 Pin=D4_Pressure_Sensor3-2
Removed Pin From Net: NetName=VCC-3V3 Pin=D4_Pressure_Sensor4-1
Removed Pin From Net: NetName=PS4 Pin=D4_Pressure_Sensor4-2
Removed Pin From Net: NetName=VCC-3V3 Pin=D4_Pressure_Sensor5-1
Removed Pin From Net: NetName=PS5 Pin=D4_Pressure_Sensor5-2
Removed Pin From Net: NetName=VCC-3V3 Pin=D4_Pressure_Sensor6-1
Removed Pin From Net: NetName=PS6 Pin=D4_Pressure_Sensor6-2
Removed Pin From Net: NetName=VCC-3V3 Pin=D4_Pressure_Sensor7-1
Removed Pin From Net: NetName=PS7 Pin=D4_Pressure_Sensor7-2
Removed Pin From Net: NetName=VCC-3V3 Pin=D4_Pressure_Sensor8-1
Removed Pin From Net: NetName=PS8 Pin=D4_Pressure_Sensor8-2
Removed Pin From Net: NetName=VCC-3V3 Pin=D4_Pressure_Sensor9-1
Removed Pin From Net: NetName=PS9 Pin=D4_Pressure_Sensor9-2
Removed Pin From Net: NetName=VCC-3V3 Pin=D4_Pressure_Sensor10-1
Removed Pin From Net: NetName=PS10 Pin=D4_Pressure_Sensor10-2
Removed Pin From Net: NetName=PS1 Pin=D5_Pressure_Sensor1-1
Removed Pin From Net: NetName=GND Pin=D5_Pressure_Sensor1-2
Removed Pin From Net: NetName=PS2 Pin=D5_Pressure_Sensor2-1
Removed Pin From Net: NetName=GND Pin=D5_Pressure_Sensor2-2
Removed Pin From Net: NetName=PS3 Pin=D5_Pressure_Sensor3-1
Removed Pin From Net: NetName=GND Pin=D5_Pressure_Sensor3-2
Removed Pin From Net: NetName=PS4 Pin=D5_Pressure_Sensor4-1
Removed Pin From Net: NetName=GND Pin=D5_Pressure_Sensor4-2
Removed Pin From Net: NetName=PS5 Pin=D5_Pressure_Sensor5-1
Removed Pin From Net: NetName=GND Pin=D5_Pressure_Sensor5-2
Removed Pin From Net: NetName=PS6 Pin=D5_Pressure_Sensor6-1
Removed Pin From Net: NetName=GND Pin=D5_Pressure_Sensor6-2
Removed Pin From Net: NetName=PS7 Pin=D5_Pressure_Sensor7-1
Removed Pin From Net: NetName=GND Pin=D5_Pressure_Sensor7-2
Removed Pin From Net: NetName=PS8 Pin=D5_Pressure_Sensor8-1
Removed Pin From Net: NetName=GND Pin=D5_Pressure_Sensor8-2
Removed Pin From Net: NetName=PS9 Pin=D5_Pressure_Sensor9-1
Removed Pin From Net: NetName=GND Pin=D5_Pressure_Sensor9-2
Removed Pin From Net: NetName=PS10 Pin=D5_Pressure_Sensor10-1
Removed Pin From Net: NetName=GND Pin=D5_Pressure_Sensor10-2
Removed Pin From Net: NetName=VCC-5V Pin=P3_Pressure_Sensor1-1
Removed Pin From Net: NetName=VCC-5V Pin=P3_Pressure_Sensor2-1
Removed Pin From Net: NetName=VCC-5V Pin=P3_Pressure_Sensor3-1
Removed Pin From Net: NetName=VCC-5V Pin=P3_Pressure_Sensor4-1
Removed Pin From Net: NetName=VCC-5V Pin=P3_Pressure_Sensor5-1
Removed Pin From Net: NetName=VCC-5V Pin=P3_Pressure_Sensor6-1
Removed Pin From Net: NetName=VCC-5V Pin=P3_Pressure_Sensor7-1
Removed Pin From Net: NetName=VCC-5V Pin=P3_Pressure_Sensor8-1
Removed Pin From Net: NetName=VCC-5V Pin=P3_Pressure_Sensor9-1
Removed Pin From Net: NetName=VCC-5V Pin=P3_Pressure_Sensor10-1
Removed Member From Class: ClassName=Pressure_Sensor1 Member=D4_Pressure_Sensor1
Removed Member From Class: ClassName=Pressure_Sensor2 Member=D4_Pressure_Sensor2
Removed Member From Class: ClassName=Pressure_Sensor3 Member=D4_Pressure_Sensor3
Removed Member From Class: ClassName=Pressure_Sensor4 Member=D4_Pressure_Sensor4
Removed Member From Class: ClassName=Pressure_Sensor5 Member=D4_Pressure_Sensor5
Removed Member From Class: ClassName=Pressure_Sensor6 Member=D4_Pressure_Sensor6
Removed Member From Class: ClassName=Pressure_Sensor7 Member=D4_Pressure_Sensor7
Removed Member From Class: ClassName=Pressure_Sensor8 Member=D4_Pressure_Sensor8
Removed Member From Class: ClassName=Pressure_Sensor9 Member=D4_Pressure_Sensor9
Removed Member From Class: ClassName=Pressure_Sensor10 Member=D4_Pressure_Sensor10
Removed Member From Class: ClassName=Pressure_Sensor1 Member=D5_Pressure_Sensor1
Removed Member From Class: ClassName=Pressure_Sensor2 Member=D5_Pressure_Sensor2
Removed Member From Class: ClassName=Pressure_Sensor3 Member=D5_Pressure_Sensor3
Removed Member From Class: ClassName=Pressure_Sensor4 Member=D5_Pressure_Sensor4
Removed Member From Class: ClassName=Pressure_Sensor5 Member=D5_Pressure_Sensor5
Removed Member From Class: ClassName=Pressure_Sensor6 Member=D5_Pressure_Sensor6
Removed Member From Class: ClassName=Pressure_Sensor7 Member=D5_Pressure_Sensor7
Removed Member From Class: ClassName=Pressure_Sensor8 Member=D5_Pressure_Sensor8
Removed Member From Class: ClassName=Pressure_Sensor9 Member=D5_Pressure_Sensor9
Removed Member From Class: ClassName=Pressure_Sensor10 Member=D5_Pressure_Sensor10
Change Component Comment : Designator=CB_J1 Old Comment= New Comment=*
Added Component: Designator=J?_Pressure_Sensor1(HM1X3)
Add component (AddParameter): Name = "Manufacturer Part Number"; Value = ""; VariantName = "[No Variations]"
Added Component: Designator=J?_Pressure_Sensor2(HM1X3)
Add component (AddParameter): Name = "Manufacturer Part Number"; Value = ""; VariantName = "[No Variations]"
Added Component: Designator=J?_Pressure_Sensor3(HM1X3)
Add component (AddParameter): Name = "Manufacturer Part Number"; Value = ""; VariantName = "[No Variations]"
Added Component: Designator=J?_Pressure_Sensor4(HM1X3)
Add component (AddParameter): Name = "Manufacturer Part Number"; Value = ""; VariantName = "[No Variations]"
Added Component: Designator=J?_Pressure_Sensor5(HM1X3)
Add component (AddParameter): Name = "Manufacturer Part Number"; Value = ""; VariantName = "[No Variations]"
Added Component: Designator=J?_Pressure_Sensor6(HM1X3)
Add component (AddParameter): Name = "Manufacturer Part Number"; Value = ""; VariantName = "[No Variations]"
Added Component: Designator=J?_Pressure_Sensor7(HM1X3)
Add component (AddParameter): Name = "Manufacturer Part Number"; Value = ""; VariantName = "[No Variations]"
Added Component: Designator=J?_Pressure_Sensor8(HM1X3)
Add component (AddParameter): Name = "Manufacturer Part Number"; Value = ""; VariantName = "[No Variations]"
Added Component: Designator=J?_Pressure_Sensor9(HM1X3)
Add component (AddParameter): Name = "Manufacturer Part Number"; Value = ""; VariantName = "[No Variations]"
Added Component: Designator=J?_Pressure_Sensor10(HM1X3)
Add component (AddParameter): Name = "Manufacturer Part Number"; Value = ""; VariantName = "[No Variations]"
Added Pin To Net: NetName=VCC-12V Pin=J?_Pressure_Sensor1-1
Added Pin To Net: NetName=VCC-5V Pin=J?_Pressure_Sensor1-3
Added Pin To Net: NetName=VCC-12V Pin=J?_Pressure_Sensor2-1
Added Pin To Net: NetName=VCC-5V Pin=J?_Pressure_Sensor2-3
Added Pin To Net: NetName=VCC-12V Pin=J?_Pressure_Sensor3-1
Added Pin To Net: NetName=VCC-5V Pin=J?_Pressure_Sensor3-3
Added Pin To Net: NetName=VCC-12V Pin=J?_Pressure_Sensor4-1
Added Pin To Net: NetName=VCC-5V Pin=J?_Pressure_Sensor4-3
Added Pin To Net: NetName=VCC-12V Pin=J?_Pressure_Sensor5-1
Added Pin To Net: NetName=VCC-5V Pin=J?_Pressure_Sensor5-3
Added Pin To Net: NetName=VCC-12V Pin=J?_Pressure_Sensor6-1
Added Pin To Net: NetName=VCC-5V Pin=J?_Pressure_Sensor6-3
Added Pin To Net: NetName=VCC-12V Pin=J?_Pressure_Sensor7-1
Added Pin To Net: NetName=VCC-5V Pin=J?_Pressure_Sensor7-3
Added Pin To Net: NetName=VCC-12V Pin=J?_Pressure_Sensor8-1
Added Pin To Net: NetName=VCC-5V Pin=J?_Pressure_Sensor8-3
Added Pin To Net: NetName=VCC-12V Pin=J?_Pressure_Sensor9-1
Added Pin To Net: NetName=VCC-5V Pin=J?_Pressure_Sensor9-3
Added Pin To Net: NetName=VCC-12V Pin=J?_Pressure_Sensor10-1
Added Pin To Net: NetName=VCC-5V Pin=J?_Pressure_Sensor10-3
Change Net Name : Old Net Name=NetC17_2 New Net Name=OSC1
Change Net Name : Old Net Name=NetC18_2 New Net Name=OSC2
Added Pin To Net: NetName=NetJ?_Pressure_Sensor1_2 Pin=J?_Pressure_Sensor1-2
Added Pin To Net: NetName=NetJ?_Pressure_Sensor1_2 Pin=P3_Pressure_Sensor1-1
Added Net: Name=NetJ?_Pressure_Sensor1_2
Added Pin To Net: NetName=NetJ?_Pressure_Sensor2_2 Pin=J?_Pressure_Sensor2-2
Added Pin To Net: NetName=NetJ?_Pressure_Sensor2_2 Pin=P3_Pressure_Sensor2-1
Added Net: Name=NetJ?_Pressure_Sensor2_2
Added Pin To Net: NetName=NetJ?_Pressure_Sensor3_2 Pin=J?_Pressure_Sensor3-2
Added Pin To Net: NetName=NetJ?_Pressure_Sensor3_2 Pin=P3_Pressure_Sensor3-1
Added Net: Name=NetJ?_Pressure_Sensor3_2
Added Pin To Net: NetName=NetJ?_Pressure_Sensor4_2 Pin=J?_Pressure_Sensor4-2
Added Pin To Net: NetName=NetJ?_Pressure_Sensor4_2 Pin=P3_Pressure_Sensor4-1
Added Net: Name=NetJ?_Pressure_Sensor4_2
Added Pin To Net: NetName=NetJ?_Pressure_Sensor5_2 Pin=J?_Pressure_Sensor5-2
Added Pin To Net: NetName=NetJ?_Pressure_Sensor5_2 Pin=P3_Pressure_Sensor5-1
Added Net: Name=NetJ?_Pressure_Sensor5_2
Added Pin To Net: NetName=NetJ?_Pressure_Sensor6_2 Pin=J?_Pressure_Sensor6-2
Added Pin To Net: NetName=NetJ?_Pressure_Sensor6_2 Pin=P3_Pressure_Sensor6-1
Added Net: Name=NetJ?_Pressure_Sensor6_2
Added Pin To Net: NetName=NetJ?_Pressure_Sensor7_2 Pin=J?_Pressure_Sensor7-2
Added Pin To Net: NetName=NetJ?_Pressure_Sensor7_2 Pin=P3_Pressure_Sensor7-1
Added Net: Name=NetJ?_Pressure_Sensor7_2
Added Pin To Net: NetName=NetJ?_Pressure_Sensor8_2 Pin=J?_Pressure_Sensor8-2
Added Pin To Net: NetName=NetJ?_Pressure_Sensor8_2 Pin=P3_Pressure_Sensor8-1
Added Net: Name=NetJ?_Pressure_Sensor8_2
Added Pin To Net: NetName=NetJ?_Pressure_Sensor9_2 Pin=J?_Pressure_Sensor9-2
Added Pin To Net: NetName=NetJ?_Pressure_Sensor9_2 Pin=P3_Pressure_Sensor9-1
Added Net: Name=NetJ?_Pressure_Sensor9_2
Added Pin To Net: NetName=NetJ?_Pressure_Sensor10_2 Pin=J?_Pressure_Sensor10-2
Added Pin To Net: NetName=NetJ?_Pressure_Sensor10_2 Pin=P3_Pressure_Sensor10-1
Added Net: Name=NetJ?_Pressure_Sensor10_2
Added Member To Class: ClassName=Pressure_Sensor1 Member=Component J?_Pressure_Sensor1 (J?) *
Added Member To Class: ClassName=Pressure_Sensor2 Member=Component J?_Pressure_Sensor2 (J?) *
Added Member To Class: ClassName=Pressure_Sensor3 Member=Component J?_Pressure_Sensor3 (J?) *
Added Member To Class: ClassName=Pressure_Sensor4 Member=Component J?_Pressure_Sensor4 (J?) *
Added Member To Class: ClassName=Pressure_Sensor5 Member=Component J?_Pressure_Sensor5 (J?) *
Added Member To Class: ClassName=Pressure_Sensor6 Member=Component J?_Pressure_Sensor6 (J?) *
Added Member To Class: ClassName=Pressure_Sensor7 Member=Component J?_Pressure_Sensor7 (J?) *
Added Member To Class: ClassName=Pressure_Sensor8 Member=Component J?_Pressure_Sensor8 (J?) *
Added Member To Class: ClassName=Pressure_Sensor9 Member=Component J?_Pressure_Sensor9 (J?) *
Added Member To Class: ClassName=Pressure_Sensor10 Member=Component J?_Pressure_Sensor10 (J?) *
Added Room: Name=Pressure_Sensor3
