Removed Pin From Net: NetName=GND Pin=C5-1
Removed Pin From Net: NetName=VCC-5V Pin=C5-2
Removed Pin From Net: NetName=GND Pin=C6-1
Removed Pin From Net: NetName=VCC-5V Pin=C6-2
Removed Pin From Net: NetName=GND Pin=C7-1
Removed Pin From Net: NetName=VCC-5V Pin=C7-2
Removed Pin From Net: NetName=GND Pin=C8-1
Removed Pin From Net: NetName=VCC-5V Pin=C8-2
Removed Member From Class: ClassName=5V_PowerSupply Member=C5
Removed Member From Class: ClassName=5V_PowerSupply Member=C6
Removed Member From Class: ClassName=5V_PowerSupply Member=C7
Removed Member From Class: ClassName=5V_PowerSupply Member=C8
Change Component Footprint: Designator=C4 Old Footprint=CER_1206 New Footprint=CER_1210
Change Component Comment : Designator=C4 Old Comment=47uF New Comment=100uF
Change component parameters: Designator = "C4" ("C4"); Footprint = "CER_1206"; UniqueID = "\TVVNAIKH\JZUEYNME" ("\TVVNAIKH\JZUEYNME")
Change component parameters (AddParameter): Name = "Capacitance"; Value = "100uF"; VariantName = "[No Variations]"
Added Component: Designator=C2(CER_1210)
Add component (AddParameter): Name = "Capacitance"; Value = "100uF"; VariantName = "[No Variations]"
Added Pin To Net: NetName=GND Pin=C2-1
Added Pin To Net: NetName=VCC-5V Pin=C2-2
Added Member To Class: ClassName=5V_PowerSupply Member=Component C2 100uF
